<?xml version="1.0" encoding="UTF-8"?>
<coverage generated="1773073046727" clover="3.2.0">
  <project timestamp="1773073046728" name="All files">
    <metrics statements="308" coveredstatements="267" conditionals="178" coveredconditionals="144" methods="26" coveredmethods="22" elements="512" coveredelements="433" complexity="0" loc="308" ncloc="308" packages="1" files="3" classes="3"/>
    <file name="cbor.ts" path="C:\Users\Student\git\webauthnsign\src\cbor.ts">
      <metrics statements="75" coveredstatements="65" conditionals="36" coveredconditionals="29" methods="4" coveredmethods="4"/>
      <line num="32" count="3" type="stmt"/>
      <line num="35" count="3" type="stmt"/>
      <line num="42" count="3" type="stmt"/>
      <line num="43" count="50" type="stmt"/>
      <line num="44" count="42" type="stmt"/>
      <line num="52" count="249" type="cond" truecount="2" falsecount="0"/>
      <line num="53" count="1" type="stmt"/>
      <line num="57" count="248" type="cond" truecount="2" falsecount="0"/>
      <line num="58" count="1" type="stmt"/>
      <line num="61" count="247" type="stmt"/>
      <line num="62" count="247" type="stmt"/>
      <line num="63" count="247" type="stmt"/>
      <line num="66" count="247" type="stmt"/>
      <line num="67" count="247" type="stmt"/>
      <line num="69" count="247" type="cond" truecount="7" falsecount="0"/>
      <line num="72" count="71" type="stmt"/>
      <line num="77" count="52" type="stmt"/>
      <line num="82" count="34" type="stmt"/>
      <line num="83" count="33" type="stmt"/>
      <line num="84" count="33" type="stmt"/>
      <line num="89" count="35" type="stmt"/>
      <line num="90" count="35" type="stmt"/>
      <line num="91" count="35" type="stmt"/>
      <line num="92" count="35" type="stmt"/>
      <line num="97" count="21" type="cond" truecount="2" falsecount="0"/>
      <line num="98" count="1" type="stmt"/>
      <line num="102" count="20" type="stmt"/>
      <line num="103" count="20" type="stmt"/>
      <line num="104" count="20" type="stmt"/>
      <line num="105" count="23" type="stmt"/>
      <line num="106" count="12" type="stmt"/>
      <line num="107" count="12" type="stmt"/>
      <line num="109" count="9" type="stmt"/>
      <line num="114" count="32" type="cond" truecount="2" falsecount="0"/>
      <line num="115" count="1" type="stmt"/>
      <line num="119" count="31" type="stmt"/>
      <line num="120" count="31" type="stmt"/>
      <line num="121" count="31" type="stmt"/>
      <line num="122" count="88" type="stmt"/>
      <line num="123" count="88" type="stmt"/>
      <line num="124" count="88" type="stmt"/>
      <line num="125" count="88" type="stmt"/>
      <line num="127" count="88" type="stmt"/>
      <line num="128" count="88" type="cond" truecount="1" falsecount="1"/>
      <line num="133" count="0" type="stmt"/>
      <line num="139" count="88" type="cond" truecount="2" falsecount="0"/>
      <line num="140" count="1" type="stmt"/>
      <line num="144" count="87" type="stmt"/>
      <line num="146" count="30" type="stmt"/>
      <line num="150" count="2" type="stmt"/>
      <line num="162" count="247" type="cond" truecount="2" falsecount="0"/>
      <line num="163" count="208" type="stmt"/>
      <line num="166" count="39" type="stmt"/>
      <line num="168" count="39" type="cond" truecount="2" falsecount="0"/>
      <line num="169" count="30" type="stmt"/>
      <line num="170" count="30" type="stmt"/>
      <line num="173" count="9" type="cond" truecount="2" falsecount="0"/>
      <line num="174" count="8" type="stmt"/>
      <line num="175" count="8" type="stmt"/>
      <line num="176" count="8" type="stmt"/>
      <line num="179" count="1" type="cond" truecount="1" falsecount="1"/>
      <line num="180" count="1" type="stmt"/>
      <line num="181" count="1" type="stmt"/>
      <line num="182" count="1" type="stmt"/>
      <line num="185" count="0" type="cond" truecount="0" falsecount="2"/>
      <line num="187" count="0" type="stmt"/>
      <line num="188" count="0" type="stmt"/>
      <line num="189" count="0" type="stmt"/>
      <line num="190" count="0" type="stmt"/>
      <line num="191" count="0" type="cond" truecount="0" falsecount="2"/>
      <line num="192" count="0" type="stmt"/>
      <line num="194" count="0" type="stmt"/>
      <line num="197" count="0" type="stmt"/>
      <line num="208" count="108" type="cond" truecount="2" falsecount="0"/>
      <line num="209" count="1" type="stmt"/>
    </file>
    <file name="server.ts" path="C:\Users\Student\git\webauthnsign\src\server.ts">
      <metrics statements="192" coveredstatements="170" conditionals="130" coveredconditionals="105" methods="14" coveredmethods="10"/>
      <line num="10" count="2" type="stmt"/>
      <line num="11" count="2" type="stmt"/>
      <line num="12" count="2" type="stmt"/>
      <line num="36" count="2" type="stmt"/>
      <line num="37" count="113" type="stmt"/>
      <line num="52" count="2" type="stmt"/>
      <line num="53" count="29" type="cond" truecount="2" falsecount="0"/>
      <line num="54" count="2" type="stmt"/>
      <line num="59" count="27" type="stmt"/>
      <line num="60" count="27" type="stmt"/>
      <line num="61" count="27" type="stmt"/>
      <line num="62" count="27" type="stmt"/>
      <line num="64" count="27" type="stmt"/>
      <line num="73" count="27" type="stmt"/>
      <line num="95" count="4" type="cond" truecount="1" falsecount="1"/>
      <line num="96" count="0" type="stmt"/>
      <line num="99" count="4" type="stmt"/>
      <line num="100" count="4" type="stmt"/>
      <line num="102" count="4" type="cond" truecount="1" falsecount="1"/>
      <line num="103" count="0" type="stmt"/>
      <line num="108" count="4" type="stmt"/>
      <line num="109" count="4" type="stmt"/>
      <line num="111" count="4" type="stmt"/>
      <line num="119" count="2" type="stmt"/>
      <line num="120" count="2" type="stmt"/>
      <line num="121" count="2" type="stmt"/>
      <line num="122" count="2" type="stmt"/>
      <line num="133" count="93" type="stmt"/>
      <line num="134" count="93" type="cond" truecount="1" falsecount="1"/>
      <line num="135" count="0" type="stmt"/>
      <line num="139" count="93" type="stmt"/>
      <line num="151" count="16" type="cond" truecount="4" falsecount="0"/>
      <line num="152" count="1" type="stmt"/>
      <line num="170" count="2" type="stmt"/>
      <line num="177" count="2" type="stmt"/>
      <line num="193" count="13" type="stmt"/>
      <line num="194" count="13" type="cond" truecount="1" falsecount="1"/>
      <line num="195" count="0" type="stmt"/>
      <line num="199" count="13" type="stmt"/>
      <line num="201" count="13" type="stmt"/>
      <line num="202" count="13" type="stmt"/>
      <line num="207" count="13" type="cond" truecount="3" falsecount="1"/>
      <line num="208" count="13" type="stmt"/>
      <line num="209" count="13" type="cond" truecount="3" falsecount="1"/>
      <line num="210" count="0" type="stmt"/>
      <line num="219" count="13" type="cond" truecount="2" falsecount="0"/>
      <line num="220" count="9" type="stmt"/>
      <line num="221" count="9" type="stmt"/>
      <line num="222" count="9" type="stmt"/>
      <line num="224" count="9" type="cond" truecount="1" falsecount="1"/>
      <line num="225" count="0" type="stmt"/>
      <line num="227" count="9" type="cond" truecount="3" falsecount="1"/>
      <line num="228" count="0" type="stmt"/>
      <line num="230" count="9" type="cond" truecount="3" falsecount="1"/>
      <line num="231" count="0" type="stmt"/>
      <line num="234" count="9" type="stmt"/>
      <line num="240" count="9" type="stmt"/>
      <line num="241" count="9" type="stmt"/>
      <line num="247" count="4" type="cond" truecount="2" falsecount="0"/>
      <line num="248" count="2" type="stmt"/>
      <line num="249" count="2" type="stmt"/>
      <line num="251" count="2" type="cond" truecount="1" falsecount="1"/>
      <line num="252" count="0" type="stmt"/>
      <line num="254" count="2" type="cond" truecount="1" falsecount="1"/>
      <line num="255" count="0" type="stmt"/>
      <line num="257" count="2" type="cond" truecount="1" falsecount="1"/>
      <line num="258" count="0" type="stmt"/>
      <line num="261" count="2" type="stmt"/>
      <line num="266" count="2" type="stmt"/>
      <line num="267" count="2" type="stmt"/>
      <line num="273" count="2" type="cond" truecount="1" falsecount="1"/>
      <line num="274" count="2" type="stmt"/>
      <line num="275" count="2" type="stmt"/>
      <line num="277" count="2" type="cond" truecount="3" falsecount="1"/>
      <line num="278" count="0" type="stmt"/>
      <line num="282" count="2" type="cond" truecount="1" falsecount="1"/>
      <line num="283" count="0" type="stmt"/>
      <line num="288" count="2" type="stmt"/>
      <line num="293" count="2" type="stmt"/>
      <line num="294" count="2" type="stmt"/>
      <line num="297" count="0" type="stmt"/>
      <line num="306" count="51" type="cond" truecount="1" falsecount="1"/>
      <line num="307" count="51" type="stmt"/>
      <line num="338" count="2" type="stmt"/>
      <line num="349" count="11" type="cond" truecount="1" falsecount="1"/>
      <line num="350" count="0" type="stmt"/>
      <line num="354" count="11" type="cond" truecount="1" falsecount="1"/>
      <line num="355" count="0" type="stmt"/>
      <line num="364" count="11" type="stmt"/>
      <line num="365" count="11" type="stmt"/>
      <line num="367" count="0" type="stmt"/>
      <line num="371" count="11" type="stmt"/>
      <line num="372" count="11" type="stmt"/>
      <line num="373" count="11" type="stmt"/>
      <line num="375" count="11" type="cond" truecount="2" falsecount="0"/>
      <line num="376" count="1" type="stmt"/>
      <line num="382" count="10" type="stmt"/>
      <line num="383" count="10" type="cond" truecount="2" falsecount="0"/>
      <line num="384" count="1" type="stmt"/>
      <line num="388" count="9" type="cond" truecount="2" falsecount="0"/>
      <line num="389" count="1" type="stmt"/>
      <line num="395" count="8" type="cond" truecount="2" falsecount="0"/>
      <line num="396" count="1" type="stmt"/>
      <line num="402" count="7" type="stmt"/>
      <line num="403" count="7" type="cond" truecount="1" falsecount="1"/>
      <line num="404" count="0" type="stmt"/>
      <line num="406" count="7" type="stmt"/>
      <line num="412" count="7" type="stmt"/>
      <line num="413" count="7" type="cond" truecount="3" falsecount="1"/>
      <line num="414" count="0" type="stmt"/>
      <line num="420" count="7" type="stmt"/>
      <line num="421" count="7" type="cond" truecount="1" falsecount="1"/>
      <line num="422" count="0" type="stmt"/>
      <line num="424" count="7" type="stmt"/>
      <line num="429" count="7" type="stmt"/>
      <line num="434" count="7" type="stmt"/>
      <line num="435" count="7" type="cond" truecount="2" falsecount="0"/>
      <line num="436" count="1" type="stmt"/>
      <line num="442" count="6" type="cond" truecount="2" falsecount="0"/>
      <line num="443" count="1" type="stmt"/>
      <line num="445" count="5" type="cond" truecount="5" falsecount="0"/>
      <line num="446" count="1" type="stmt"/>
      <line num="450" count="4" type="cond" truecount="1" falsecount="1"/>
      <line num="451" count="0" type="stmt"/>
      <line num="456" count="4" type="stmt"/>
      <line num="462" count="4" type="stmt"/>
      <line num="465" count="4" type="stmt"/>
      <line num="467" count="4" type="stmt"/>
      <line num="527" count="2" type="stmt"/>
      <line num="537" count="28" type="stmt"/>
      <line num="542" count="28" type="cond" truecount="2" falsecount="0"/>
      <line num="543" count="2" type="stmt"/>
      <line num="547" count="26" type="cond" truecount="2" falsecount="0"/>
      <line num="548" count="1" type="stmt"/>
      <line num="552" count="25" type="cond" truecount="2" falsecount="0"/>
      <line num="553" count="1" type="stmt"/>
      <line num="557" count="24" type="cond" truecount="2" falsecount="0"/>
      <line num="558" count="1" type="stmt"/>
      <line num="562" count="23" type="cond" truecount="2" falsecount="0"/>
      <line num="563" count="1" type="stmt"/>
      <line num="572" count="22" type="stmt"/>
      <line num="573" count="22" type="stmt"/>
      <line num="577" count="2" type="stmt"/>
      <line num="581" count="20" type="stmt"/>
      <line num="582" count="20" type="stmt"/>
      <line num="583" count="20" type="stmt"/>
      <line num="585" count="20" type="cond" truecount="2" falsecount="0"/>
      <line num="586" count="1" type="stmt"/>
      <line num="595" count="19" type="stmt"/>
      <line num="596" count="19" type="cond" truecount="2" falsecount="0"/>
      <line num="597" count="2" type="stmt"/>
      <line num="605" count="17" type="cond" truecount="2" falsecount="0"/>
      <line num="606" count="1" type="stmt"/>
      <line num="612" count="16" type="cond" truecount="2" falsecount="0"/>
      <line num="613" count="1" type="stmt"/>
      <line num="619" count="15" type="stmt"/>
      <line num="624" count="15" type="stmt"/>
      <line num="625" count="15" type="cond" truecount="2" falsecount="0"/>
      <line num="626" count="1" type="stmt"/>
      <line num="634" count="14" type="cond" truecount="2" falsecount="0"/>
      <line num="635" count="1" type="stmt"/>
      <line num="637" count="13" type="cond" truecount="4" falsecount="0"/>
      <line num="638" count="1" type="stmt"/>
      <line num="643" count="12" type="stmt"/>
      <line num="648" count="11" type="stmt"/>
      <line num="649" count="11" type="stmt"/>
      <line num="651" count="11" type="cond" truecount="4" falsecount="0"/>
      <line num="652" count="10" type="cond" truecount="2" falsecount="0"/>
      <line num="653" count="2" type="stmt"/>
      <line num="674" count="9" type="stmt"/>
      <line num="675" count="9" type="stmt"/>
      <line num="677" count="9" type="stmt"/>
      <line num="682" count="9" type="cond" truecount="2" falsecount="0"/>
      <line num="683" count="1" type="stmt"/>
      <line num="689" count="8" type="stmt"/>
      <line num="691" count="8" type="cond" truecount="2" falsecount="0"/>
      <line num="693" count="4" type="stmt"/>
      <line num="697" count="4" type="cond" truecount="2" falsecount="0"/>
      <line num="699" count="2" type="stmt"/>
      <line num="703" count="2" type="cond" truecount="1" falsecount="1"/>
      <line num="706" count="2" type="stmt"/>
      <line num="713" count="0" type="stmt"/>
      <line num="716" count="8" type="cond" truecount="2" falsecount="0"/>
      <line num="717" count="3" type="stmt"/>
      <line num="722" count="5" type="stmt"/>
      <line num="726" count="2" type="stmt"/>
      <line num="727" count="2" type="stmt"/>
      <line num="728" count="34" type="stmt"/>
      <line num="729" count="2" type="stmt"/>
      <line num="730" count="2" type="stmt"/>
      <line num="731" count="2" type="stmt"/>
      <line num="732" count="2" type="stmt"/>
    </file>
    <file name="utils.ts" path="C:\Users\Student\git\webauthnsign\src\utils.ts">
      <metrics statements="41" coveredstatements="32" conditionals="12" coveredconditionals="10" methods="8" coveredmethods="8"/>
      <line num="9" count="3" type="stmt"/>
      <line num="11" count="40" type="cond" truecount="2" falsecount="0"/>
      <line num="12" count="4" type="stmt"/>
      <line num="16" count="36" type="stmt"/>
      <line num="17" count="36" type="stmt"/>
      <line num="23" count="36" type="cond" truecount="1" falsecount="1"/>
      <line num="24" count="36" type="stmt"/>
      <line num="28" count="0" type="stmt"/>
      <line num="29" count="0" type="stmt"/>
      <line num="30" count="0" type="stmt"/>
      <line num="31" count="0" type="stmt"/>
      <line num="33" count="0" type="stmt"/>
      <line num="39" count="3" type="stmt"/>
      <line num="40" count="41" type="cond" truecount="1" falsecount="1"/>
      <line num="41" count="41" type="stmt"/>
      <line num="45" count="0" type="stmt"/>
      <line num="46" count="0" type="stmt"/>
      <line num="47" count="0" type="stmt"/>
      <line num="49" count="0" type="stmt"/>
      <line num="56" count="3" type="stmt"/>
      <line num="57" count="103" type="stmt"/>
      <line num="60" count="3" type="stmt"/>
      <line num="61" count="5" type="cond" truecount="2" falsecount="0"/>
      <line num="62" count="4" type="stmt"/>
      <line num="63" count="4" type="stmt"/>
      <line num="64" count="21" type="stmt"/>
      <line num="65" count="21" type="cond" truecount="2" falsecount="0"/>
      <line num="66" count="20" type="stmt"/>
      <line num="68" count="3" type="stmt"/>
      <line num="75" count="3" type="stmt"/>
      <line num="76" count="25" type="stmt"/>
      <line num="77" count="13" type="stmt"/>
      <line num="78" count="13" type="stmt"/>
      <line num="79" count="13" type="stmt"/>
      <line num="80" count="25" type="stmt"/>
      <line num="81" count="25" type="stmt"/>
      <line num="83" count="13" type="stmt"/>
      <line num="91" count="3" type="stmt"/>
      <line num="92" count="8" type="cond" truecount="2" falsecount="0"/>
      <line num="93" count="6" type="stmt"/>
      <line num="94" count="6" type="stmt"/>
    </file>
  </project>
</coverage>
