{"C:\\Users\\Student\\git\\webauthnsign\\src\\cbor.ts": {"path":"C:\\Users\\Student\\git\\webauthnsign\\src\\cbor.ts","statementMap":{"0":{"start":{"line":42,"column":0},"end":{"line":42,"column":16}},"1":{"start":{"line":32,"column":18},"end":{"line":32,"column":20}},"2":{"start":{"line":35,"column":18},"end":{"line":35,"column":21}},"3":{"start":{"line":43,"column":20},"end":{"line":43,"column":40}},"4":{"start":{"line":44,"column":2},"end":{"line":44,"column":15}},"5":{"start":{"line":52,"column":2},"end":{"line":56,"column":3}},"6":{"start":{"line":53,"column":4},"end":{"line":55,"column":6}},"7":{"start":{"line":57,"column":2},"end":{"line":59,"column":3}},"8":{"start":{"line":58,"column":4},"end":{"line":58,"column":77}},"9":{"start":{"line":61,"column":22},"end":{"line":61,"column":44}},"10":{"start":{"line":62,"column":20},"end":{"line":62,"column":45}},"11":{"start":{"line":63,"column":25},"end":{"line":63,"column":43}},"12":{"start":{"line":66,"column":30},"end":{"line":66,"column":69}},"13":{"start":{"line":67,"column":21},"end":{"line":67,"column":40}},"14":{"start":{"line":69,"column":2},"end":{"line":153,"column":3}},"15":{"start":{"line":72,"column":6},"end":{"line":72,"column":51}},"16":{"start":{"line":77,"column":6},"end":{"line":77,"column":56}},"17":{"start":{"line":82,"column":6},"end":{"line":82,"column":62}},"18":{"start":{"line":83,"column":20},"end":{"line":83,"column":60}},"19":{"start":{"line":84,"column":6},"end":{"line":84,"column":59}},"20":{"start":{"line":89,"column":6},"end":{"line":89,"column":62}},"21":{"start":{"line":90,"column":24},"end":{"line":90,"column":64}},"22":{"start":{"line":91,"column":19},"end":{"line":91,"column":78}},"23":{"start":{"line":92,"column":6},"end":{"line":92,"column":58}},"24":{"start":{"line":97,"column":6},"end":{"line":101,"column":7}},"25":{"start":{"line":98,"column":8},"end":{"line":100,"column":10}},"26":{"start":{"line":102,"column":33},"end":{"line":102,"column":35}},"27":{"start":{"line":103,"column":16},"end":{"line":103,"column":26}},"28":{"start":{"line":104,"column":6},"end":{"line":108,"column":7}},"29":{"start":{"line":104,"column":19},"end":{"line":104,"column":20}},"30":{"start":{"line":105,"column":21},"end":{"line":105,"column":51}},"31":{"start":{"line":106,"column":8},"end":{"line":106,"column":31}},"32":{"start":{"line":107,"column":8},"end":{"line":107,"column":30}},"33":{"start":{"line":109,"column":6},"end":{"line":109,"column":55}},"34":{"start":{"line":114,"column":6},"end":{"line":118,"column":7}},"35":{"start":{"line":115,"column":8},"end":{"line":117,"column":10}},"36":{"start":{"line":119,"column":18},"end":{"line":119,"column":53}},"37":{"start":{"line":120,"column":16},"end":{"line":120,"column":26}},"38":{"start":{"line":121,"column":6},"end":{"line":145,"column":7}},"39":{"start":{"line":121,"column":19},"end":{"line":121,"column":20}},"40":{"start":{"line":122,"column":26},"end":{"line":122,"column":56}},"41":{"start":{"line":123,"column":8},"end":{"line":123,"column":35}},"42":{"start":{"line":124,"column":26},"end":{"line":124,"column":56}},"43":{"start":{"line":125,"column":8},"end":{"line":125,"column":35}},"44":{"start":{"line":127,"column":20},"end":{"line":127,"column":35}},"45":{"start":{"line":128,"column":8},"end":{"line":136,"column":9}},"46":{"start":{"line":133,"column":10},"end":{"line":135,"column":12}},"47":{"start":{"line":139,"column":8},"end":{"line":143,"column":9}},"48":{"start":{"line":140,"column":10},"end":{"line":142,"column":12}},"49":{"start":{"line":144,"column":8},"end":{"line":144,"column":55}},"50":{"start":{"line":146,"column":6},"end":{"line":146,"column":53}},"51":{"start":{"line":150,"column":6},"end":{"line":152,"column":8}},"52":{"start":{"line":162,"column":2},"end":{"line":164,"column":3}},"53":{"start":{"line":163,"column":4},"end":{"line":163,"column":50}},"54":{"start":{"line":166,"column":16},"end":{"line":166,"column":26}},"55":{"start":{"line":168,"column":2},"end":{"line":171,"column":3}},"56":{"start":{"line":169,"column":4},"end":{"line":169,"column":57}},"57":{"start":{"line":170,"column":4},"end":{"line":170,"column":57}},"58":{"start":{"line":173,"column":2},"end":{"line":177,"column":3}},"59":{"start":{"line":174,"column":4},"end":{"line":174,"column":57}},"60":{"start":{"line":175,"column":16},"end":{"line":175,"column":76}},"61":{"start":{"line":176,"column":4},"end":{"line":176,"column":34}},"62":{"start":{"line":179,"column":2},"end":{"line":183,"column":3}},"63":{"start":{"line":180,"column":4},"end":{"line":180,"column":57}},"64":{"start":{"line":181,"column":17},"end":{"line":181,"column":70}},"65":{"start":{"line":182,"column":4},"end":{"line":182,"column":60}},"66":{"start":{"line":185,"column":2},"end":{"line":195,"column":3}},"67":{"start":{"line":187,"column":4},"end":{"line":187,"column":57}},"68":{"start":{"line":188,"column":17},"end":{"line":188,"column":70}},"69":{"start":{"line":189,"column":15},"end":{"line":189,"column":39}},"70":{"start":{"line":190,"column":15},"end":{"line":190,"column":39}},"71":{"start":{"line":191,"column":4},"end":{"line":193,"column":5}},"72":{"start":{"line":192,"column":6},"end":{"line":192,"column":81}},"73":{"start":{"line":194,"column":4},"end":{"line":194,"column":59}},"74":{"start":{"line":197,"column":2},"end":{"line":199,"column":4}},"75":{"start":{"line":208,"column":2},"end":{"line":212,"column":3}},"76":{"start":{"line":209,"column":4},"end":{"line":211,"column":6}}},"fnMap":{"0":{"name":"decodeCbor","decl":{"start":{"line":42,"column":16},"end":{"line":42,"column":26}},"loc":{"start":{"line":42,"column":43},"end":{"line":45,"column":1}}},"1":{"name":"decodeAt","decl":{"start":{"line":51,"column":9},"end":{"line":51,"column":17}},"loc":{"start":{"line":51,"column":65},"end":{"line":154,"column":1}}},"2":{"name":"decodeArg","decl":{"start":{"line":157,"column":9},"end":{"line":157,"column":18}},"loc":{"start":{"line":160,"column":24},"end":{"line":200,"column":1}}},"3":{"name":"assertEnoughBytes","decl":{"start":{"line":202,"column":9},"end":{"line":202,"column":26}},"loc":{"start":{"line":206,"column":17},"end":{"line":213,"column":1}}}},"branchMap":{"0":{"loc":{"start":{"line":52,"column":2},"end":{"line":56,"column":3}},"type":"if","locations":[{"start":{"line":52,"column":2},"end":{"line":56,"column":3}},{"start":{},"end":{}}]},"1":{"loc":{"start":{"line":57,"column":2},"end":{"line":59,"column":3}},"type":"if","locations":[{"start":{"line":57,"column":2},"end":{"line":59,"column":3}},{"start":{},"end":{}}]},"2":{"loc":{"start":{"line":69,"column":2},"end":{"line":153,"column":3}},"type":"switch","locations":[{"start":{"line":70,"column":4},"end":{"line":73,"column":5}},{"start":{"line":75,"column":4},"end":{"line":78,"column":5}},{"start":{"line":80,"column":4},"end":{"line":85,"column":5}},{"start":{"line":87,"column":4},"end":{"line":93,"column":5}},{"start":{"line":95,"column":4},"end":{"line":110,"column":5}},{"start":{"line":112,"column":4},"end":{"line":147,"column":5}},{"start":{"line":149,"column":4},"end":{"line":152,"column":8}}]},"3":{"loc":{"start":{"line":97,"column":6},"end":{"line":101,"column":7}},"type":"if","locations":[{"start":{"line":97,"column":6},"end":{"line":101,"column":7}},{"start":{},"end":{}}]},"4":{"loc":{"start":{"line":114,"column":6},"end":{"line":118,"column":7}},"type":"if","locations":[{"start":{"line":114,"column":6},"end":{"line":118,"column":7}},{"start":{},"end":{}}]},"5":{"loc":{"start":{"line":128,"column":8},"end":{"line":136,"column":9}},"type":"if","locations":[{"start":{"line":128,"column":8},"end":{"line":136,"column":9}},{"start":{},"end":{}}]},"6":{"loc":{"start":{"line":129,"column":10},"end":{"line":131,"column":38}},"type":"binary-expr","locations":[{"start":{"line":129,"column":10},"end":{"line":129,"column":33}},{"start":{"line":130,"column":10},"end":{"line":130,"column":33}},{"start":{"line":131,"column":10},"end":{"line":131,"column":38}}]},"7":{"loc":{"start":{"line":139,"column":8},"end":{"line":143,"column":9}},"type":"if","locations":[{"start":{"line":139,"column":8},"end":{"line":143,"column":9}},{"start":{},"end":{}}]},"8":{"loc":{"start":{"line":162,"column":2},"end":{"line":164,"column":3}},"type":"if","locations":[{"start":{"line":162,"column":2},"end":{"line":164,"column":3}},{"start":{},"end":{}}]},"9":{"loc":{"start":{"line":168,"column":2},"end":{"line":171,"column":3}},"type":"if","locations":[{"start":{"line":168,"column":2},"end":{"line":171,"column":3}},{"start":{},"end":{}}]},"10":{"loc":{"start":{"line":173,"column":2},"end":{"line":177,"column":3}},"type":"if","locations":[{"start":{"line":173,"column":2},"end":{"line":177,"column":3}},{"start":{},"end":{}}]},"11":{"loc":{"start":{"line":179,"column":2},"end":{"line":183,"column":3}},"type":"if","locations":[{"start":{"line":179,"column":2},"end":{"line":183,"column":3}},{"start":{},"end":{}}]},"12":{"loc":{"start":{"line":185,"column":2},"end":{"line":195,"column":3}},"type":"if","locations":[{"start":{"line":185,"column":2},"end":{"line":195,"column":3}},{"start":{},"end":{}}]},"13":{"loc":{"start":{"line":191,"column":4},"end":{"line":193,"column":5}},"type":"if","locations":[{"start":{"line":191,"column":4},"end":{"line":193,"column":5}},{"start":{},"end":{}}]},"14":{"loc":{"start":{"line":208,"column":2},"end":{"line":212,"column":3}},"type":"if","locations":[{"start":{"line":208,"column":2},"end":{"line":212,"column":3}},{"start":{},"end":{}}]}},"s":{"0":3,"1":3,"2":3,"3":50,"4":42,"5":249,"6":1,"7":248,"8":1,"9":247,"10":247,"11":247,"12":247,"13":247,"14":247,"15":71,"16":52,"17":34,"18":33,"19":33,"20":35,"21":35,"22":35,"23":35,"24":21,"25":1,"26":20,"27":20,"28":20,"29":20,"30":23,"31":12,"32":12,"33":9,"34":32,"35":1,"36":31,"37":31,"38":31,"39":31,"40":88,"41":88,"42":88,"43":88,"44":88,"45":88,"46":0,"47":88,"48":1,"49":87,"50":30,"51":2,"52":247,"53":208,"54":39,"55":39,"56":30,"57":30,"58":9,"59":8,"60":8,"61":8,"62":1,"63":1,"64":1,"65":1,"66":0,"67":0,"68":0,"69":0,"70":0,"71":0,"72":0,"73":0,"74":0,"75":108,"76":1},"f":{"0":50,"1":249,"2":247,"3":108},"b":{"0":[1,248],"1":[1,247],"2":[71,52,34,35,21,32,2],"3":[1,20],"4":[1,31],"5":[0,88],"6":[88,23,0],"7":[1,87],"8":[208,39],"9":[30,9],"10":[8,1],"11":[1,0],"12":[0,0],"13":[0,0],"14":[1,107]}}
,"C:\\Users\\Student\\git\\webauthnsign\\src\\server.ts": {"path":"C:\\Users\\Student\\git\\webauthnsign\\src\\server.ts","statementMap":{"0":{"start":{"line":36,"column":0},"end":{"line":36,"column":16}},"1":{"start":{"line":52,"column":0},"end":{"line":52,"column":16}},"2":{"start":{"line":726,"column":26},"end":{"line":726,"column":48}},"3":{"start":{"line":338,"column":0},"end":{"line":338,"column":7}},"4":{"start":{"line":527,"column":0},"end":{"line":527,"column":7}},"5":{"start":{"line":10,"column":0},"end":{"line":10,"column":42}},"6":{"start":{"line":11,"column":0},"end":{"line":11,"column":55}},"7":{"start":{"line":12,"column":0},"end":{"line":12,"column":null}},"8":{"start":{"line":37,"column":2},"end":{"line":37,"column":79}},"9":{"start":{"line":53,"column":2},"end":{"line":57,"column":3}},"10":{"start":{"line":54,"column":4},"end":{"line":56,"column":6}},"11":{"start":{"line":59,"column":19},"end":{"line":59,"column":40}},"12":{"start":{"line":60,"column":19},"end":{"line":60,"column":41}},"13":{"start":{"line":61,"column":15},"end":{"line":61,"column":73}},"14":{"start":{"line":62,"column":20},"end":{"line":62,"column":44}},"15":{"start":{"line":64,"column":36},"end":{"line":71,"column":4}},"16":{"start":{"line":73,"column":2},"end":{"line":73,"column":40}},"17":{"start":{"line":95,"column":2},"end":{"line":97,"column":3}},"18":{"start":{"line":96,"column":4},"end":{"line":96,"column":81}},"19":{"start":{"line":99,"column":17},"end":{"line":99,"column":39}},"20":{"start":{"line":100,"column":20},"end":{"line":100,"column":78}},"21":{"start":{"line":102,"column":2},"end":{"line":106,"column":3}},"22":{"start":{"line":103,"column":4},"end":{"line":105,"column":6}},"23":{"start":{"line":108,"column":23},"end":{"line":108,"column":57}},"24":{"start":{"line":109,"column":35},"end":{"line":109,"column":65}},"25":{"start":{"line":111,"column":2},"end":{"line":111,"column":60}},"26":{"start":{"line":119,"column":35},"end":{"line":119,"column":39}},"27":{"start":{"line":120,"column":37},"end":{"line":120,"column":43}},"28":{"start":{"line":121,"column":28},"end":{"line":121,"column":34}},"29":{"start":{"line":122,"column":28},"end":{"line":122,"column":32}},"30":{"start":{"line":133,"column":14},"end":{"line":133,"column":22}},"31":{"start":{"line":134,"column":2},"end":{"line":138,"column":3}},"32":{"start":{"line":135,"column":4},"end":{"line":137,"column":6}},"33":{"start":{"line":139,"column":2},"end":{"line":139,"column":13}},"34":{"start":{"line":151,"column":2},"end":{"line":155,"column":3}},"35":{"start":{"line":152,"column":4},"end":{"line":154,"column":6}},"36":{"start":{"line":170,"column":53},"end":{"line":174,"column":2}},"37":{"start":{"line":177,"column":30},"end":{"line":177,"column":33}},"38":{"start":{"line":193,"column":14},"end":{"line":193,"column":38}},"39":{"start":{"line":194,"column":2},"end":{"line":196,"column":3}},"40":{"start":{"line":195,"column":4},"end":{"line":195,"column":61}},"41":{"start":{"line":199,"column":27},"end":{"line":199,"column":52}},"42":{"start":{"line":201,"column":14},"end":{"line":201,"column":50}},"43":{"start":{"line":202,"column":14},"end":{"line":202,"column":50}},"44":{"start":{"line":207,"column":2},"end":{"line":214,"column":3}},"45":{"start":{"line":208,"column":24},"end":{"line":208,"column":49}},"46":{"start":{"line":209,"column":4},"end":{"line":213,"column":5}},"47":{"start":{"line":210,"column":6},"end":{"line":212,"column":8}},"48":{"start":{"line":219,"column":2},"end":{"line":242,"column":3}},"49":{"start":{"line":220,"column":16},"end":{"line":220,"column":31}},"50":{"start":{"line":221,"column":19},"end":{"line":221,"column":34}},"51":{"start":{"line":222,"column":19},"end":{"line":222,"column":34}},"52":{"start":{"line":224,"column":4},"end":{"line":226,"column":5}},"53":{"start":{"line":225,"column":6},"end":{"line":225,"column":88}},"54":{"start":{"line":227,"column":4},"end":{"line":229,"column":5}},"55":{"start":{"line":228,"column":6},"end":{"line":228,"column":70}},"56":{"start":{"line":230,"column":4},"end":{"line":232,"column":5}},"57":{"start":{"line":231,"column":6},"end":{"line":231,"column":71}},"58":{"start":{"line":234,"column":39},"end":{"line":239,"column":6}},"59":{"start":{"line":240,"column":16},"end":{"line":240,"column":71}},"60":{"start":{"line":241,"column":4},"end":{"line":241,"column":34}},"61":{"start":{"line":247,"column":2},"end":{"line":268,"column":3}},"62":{"start":{"line":248,"column":16},"end":{"line":248,"column":31}},"63":{"start":{"line":249,"column":19},"end":{"line":249,"column":34}},"64":{"start":{"line":251,"column":4},"end":{"line":253,"column":5}},"65":{"start":{"line":252,"column":6},"end":{"line":252,"column":91}},"66":{"start":{"line":254,"column":4},"end":{"line":256,"column":5}},"67":{"start":{"line":255,"column":6},"end":{"line":255,"column":68}},"68":{"start":{"line":257,"column":4},"end":{"line":259,"column":5}},"69":{"start":{"line":258,"column":6},"end":{"line":258,"column":61}},"70":{"start":{"line":261,"column":39},"end":{"line":265,"column":6}},"71":{"start":{"line":266,"column":16},"end":{"line":266,"column":71}},"72":{"start":{"line":267,"column":4},"end":{"line":267,"column":34}},"73":{"start":{"line":273,"column":2},"end":{"line":295,"column":3}},"74":{"start":{"line":274,"column":19},"end":{"line":274,"column":34}},"75":{"start":{"line":275,"column":19},"end":{"line":275,"column":34}},"76":{"start":{"line":277,"column":4},"end":{"line":279,"column":5}},"77":{"start":{"line":278,"column":6},"end":{"line":278,"column":71}},"78":{"start":{"line":282,"column":4},"end":{"line":286,"column":5}},"79":{"start":{"line":283,"column":6},"end":{"line":285,"column":8}},"80":{"start":{"line":288,"column":39},"end":{"line":292,"column":6}},"81":{"start":{"line":293,"column":16},"end":{"line":293,"column":71}},"82":{"start":{"line":294,"column":4},"end":{"line":294,"column":36}},"83":{"start":{"line":297,"column":2},"end":{"line":297,"column":61}},"84":{"start":{"line":306,"column":2},"end":{"line":306,"column":42}},"85":{"start":{"line":306,"column":29},"end":{"line":306,"column":42}},"86":{"start":{"line":307,"column":2},"end":{"line":307,"column":42}},"87":{"start":{"line":349,"column":2},"end":{"line":353,"column":3}},"88":{"start":{"line":350,"column":4},"end":{"line":352,"column":6}},"89":{"start":{"line":354,"column":2},"end":{"line":358,"column":3}},"90":{"start":{"line":355,"column":4},"end":{"line":357,"column":6}},"91":{"start":{"line":364,"column":2},"end":{"line":368,"column":3}},"92":{"start":{"line":365,"column":4},"end":{"line":365,"column":130}},"93":{"start":{"line":367,"column":4},"end":{"line":367,"column":62}},"94":{"start":{"line":371,"column":21},"end":{"line":371,"column":54}},"95":{"start":{"line":372,"column":22},"end":{"line":372,"column":60}},"96":{"start":{"line":373,"column":21},"end":{"line":373,"column":56}},"97":{"start":{"line":375,"column":2},"end":{"line":379,"column":3}},"98":{"start":{"line":376,"column":4},"end":{"line":378,"column":6}},"99":{"start":{"line":382,"column":28},"end":{"line":382,"column":57}},"100":{"start":{"line":383,"column":2},"end":{"line":385,"column":3}},"101":{"start":{"line":384,"column":4},"end":{"line":384,"column":55}},"102":{"start":{"line":388,"column":2},"end":{"line":392,"column":3}},"103":{"start":{"line":389,"column":4},"end":{"line":391,"column":6}},"104":{"start":{"line":395,"column":2},"end":{"line":397,"column":3}},"105":{"start":{"line":396,"column":4},"end":{"line":396,"column":64}},"106":{"start":{"line":402,"column":25},"end":{"line":402,"column":63}},"107":{"start":{"line":403,"column":2},"end":{"line":405,"column":3}},"108":{"start":{"line":404,"column":4},"end":{"line":404,"column":64}},"109":{"start":{"line":406,"column":17},"end":{"line":406,"column":57}},"110":{"start":{"line":412,"column":14},"end":{"line":412,"column":31}},"111":{"start":{"line":413,"column":2},"end":{"line":418,"column":3}},"112":{"start":{"line":414,"column":4},"end":{"line":417,"column":6}},"113":{"start":{"line":420,"column":24},"end":{"line":420,"column":46}},"114":{"start":{"line":421,"column":2},"end":{"line":423,"column":3}},"115":{"start":{"line":422,"column":4},"end":{"line":422,"column":68}},"116":{"start":{"line":424,"column":19},"end":{"line":424,"column":32}},"117":{"start":{"line":429,"column":17},"end":{"line":429,"column":40}},"118":{"start":{"line":434,"column":27},"end":{"line":434,"column":52}},"119":{"start":{"line":435,"column":2},"end":{"line":437,"column":3}},"120":{"start":{"line":436,"column":4},"end":{"line":436,"column":83}},"121":{"start":{"line":442,"column":2},"end":{"line":444,"column":3}},"122":{"start":{"line":443,"column":4},"end":{"line":443,"column":80}},"123":{"start":{"line":445,"column":2},"end":{"line":449,"column":3}},"124":{"start":{"line":446,"column":4},"end":{"line":448,"column":6}},"125":{"start":{"line":450,"column":2},"end":{"line":454,"column":3}},"126":{"start":{"line":451,"column":4},"end":{"line":453,"column":6}},"127":{"start":{"line":456,"column":2},"end":{"line":456,"column":38}},"128":{"start":{"line":462,"column":4},"end":{"line":462,"column":41}},"129":{"start":{"line":465,"column":24},"end":{"line":465,"column":66}},"130":{"start":{"line":467,"column":2},"end":{"line":476,"column":4}},"131":{"start":{"line":537,"column":6},"end":{"line":537,"column":10}},"132":{"start":{"line":542,"column":2},"end":{"line":546,"column":3}},"133":{"start":{"line":543,"column":4},"end":{"line":545,"column":6}},"134":{"start":{"line":547,"column":2},"end":{"line":551,"column":3}},"135":{"start":{"line":548,"column":4},"end":{"line":550,"column":6}},"136":{"start":{"line":552,"column":2},"end":{"line":556,"column":3}},"137":{"start":{"line":553,"column":4},"end":{"line":555,"column":6}},"138":{"start":{"line":557,"column":2},"end":{"line":561,"column":3}},"139":{"start":{"line":558,"column":4},"end":{"line":560,"column":6}},"140":{"start":{"line":562,"column":2},"end":{"line":566,"column":3}},"141":{"start":{"line":563,"column":4},"end":{"line":565,"column":6}},"142":{"start":{"line":572,"column":2},"end":{"line":578,"column":3}},"143":{"start":{"line":573,"column":4},"end":{"line":575,"column":33}},"144":{"start":{"line":577,"column":4},"end":{"line":577,"column":62}},"145":{"start":{"line":581,"column":22},"end":{"line":581,"column":55}},"146":{"start":{"line":582,"column":22},"end":{"line":582,"column":60}},"147":{"start":{"line":583,"column":22},"end":{"line":583,"column":57}},"148":{"start":{"line":585,"column":2},"end":{"line":589,"column":3}},"149":{"start":{"line":586,"column":4},"end":{"line":588,"column":6}},"150":{"start":{"line":595,"column":28},"end":{"line":595,"column":57}},"151":{"start":{"line":596,"column":2},"end":{"line":600,"column":3}},"152":{"start":{"line":597,"column":4},"end":{"line":599,"column":6}},"153":{"start":{"line":605,"column":2},"end":{"line":609,"column":3}},"154":{"start":{"line":606,"column":4},"end":{"line":608,"column":6}},"155":{"start":{"line":612,"column":2},"end":{"line":614,"column":3}},"156":{"start":{"line":613,"column":4},"end":{"line":613,"column":55}},"157":{"start":{"line":619,"column":17},"end":{"line":619,"column":60}},"158":{"start":{"line":624,"column":27},"end":{"line":624,"column":47}},"159":{"start":{"line":625,"column":2},"end":{"line":629,"column":3}},"160":{"start":{"line":626,"column":4},"end":{"line":628,"column":6}},"161":{"start":{"line":634,"column":2},"end":{"line":636,"column":3}},"162":{"start":{"line":635,"column":4},"end":{"line":635,"column":58}},"163":{"start":{"line":637,"column":2},"end":{"line":641,"column":3}},"164":{"start":{"line":638,"column":4},"end":{"line":640,"column":6}},"165":{"start":{"line":643,"column":2},"end":{"line":643,"column":38}},"166":{"start":{"line":648,"column":26},"end":{"line":648,"column":46}},"167":{"start":{"line":649,"column":23},"end":{"line":649,"column":39}},"168":{"start":{"line":651,"column":2},"end":{"line":659,"column":3}},"169":{"start":{"line":652,"column":4},"end":{"line":658,"column":5}},"170":{"start":{"line":653,"column":6},"end":{"line":657,"column":8}},"171":{"start":{"line":674,"column":25},"end":{"line":674,"column":58}},"172":{"start":{"line":675,"column":18},"end":{"line":675,"column":70}},"173":{"start":{"line":677,"column":44},"end":{"line":677,"column":82}},"174":{"start":{"line":682,"column":2},"end":{"line":687,"column":3}},"175":{"start":{"line":683,"column":4},"end":{"line":686,"column":6}},"176":{"start":{"line":689,"column":17},"end":{"line":689,"column":22}},"177":{"start":{"line":691,"column":2},"end":{"line":714,"column":3}},"178":{"start":{"line":693,"column":4},"end":{"line":696,"column":54}},"179":{"start":{"line":697,"column":9},"end":{"line":714,"column":3}},"180":{"start":{"line":699,"column":4},"end":{"line":702,"column":54}},"181":{"start":{"line":703,"column":9},"end":{"line":714,"column":3}},"182":{"start":{"line":706,"column":4},"end":{"line":711,"column":6}},"183":{"start":{"line":713,"column":4},"end":{"line":713,"column":73}},"184":{"start":{"line":716,"column":2},"end":{"line":720,"column":3}},"185":{"start":{"line":717,"column":4},"end":{"line":719,"column":6}},"186":{"start":{"line":722,"column":2},"end":{"line":722,"column":42}},"187":{"start":{"line":727,"column":0},"end":{"line":727,"column":null}},"188":{"start":{"line":728,"column":2},"end":{"line":728,"column":null}},"189":{"start":{"line":729,"column":2},"end":{"line":729,"column":null}},"190":{"start":{"line":730,"column":2},"end":{"line":730,"column":null}},"191":{"start":{"line":731,"column":2},"end":{"line":731,"column":null}},"192":{"start":{"line":732,"column":2},"end":{"line":732,"column":null}}},"fnMap":{"0":{"name":"sha256","decl":{"start":{"line":36,"column":16},"end":{"line":36,"column":22}},"loc":{"start":{"line":36,"column":57},"end":{"line":38,"column":1}}},"1":{"name":"parseAuthData","decl":{"start":{"line":52,"column":16},"end":{"line":52,"column":29}},"loc":{"start":{"line":52,"column":50},"end":{"line":74,"column":1}}},"2":{"name":"parseAttestedCredentialData","decl":{"start":{"line":91,"column":9},"end":{"line":91,"column":36}},"loc":{"start":{"line":92,"column":22},"end":{"line":112,"column":1}}},"3":{"name":"requireString","decl":{"start":{"line":132,"column":9},"end":{"line":132,"column":22}},"loc":{"start":{"line":132,"column":64},"end":{"line":140,"column":1}}},"4":{"name":"assertFlagConsistency","decl":{"start":{"line":150,"column":9},"end":{"line":150,"column":30}},"loc":{"start":{"line":150,"column":56},"end":{"line":156,"column":1}}},"5":{"name":"coseKeyToNodeKey","decl":{"start":{"line":192,"column":9},"end":{"line":192,"column":25}},"loc":{"start":{"line":192,"column":50},"end":{"line":298,"column":1}}},"6":{"name":"timingSafeEqual","decl":{"start":{"line":304,"column":9},"end":{"line":304,"column":24}},"loc":{"start":{"line":304,"column":53},"end":{"line":308,"column":1}}},"7":{"name":"parseRegistrationResponse","decl":{"start":{"line":338,"column":22},"end":{"line":338,"column":47}},"loc":{"start":{"line":344,"column":32},"end":{"line":477,"column":1}}},"8":{"name":"verifyHashSignature","decl":{"start":{"line":527,"column":22},"end":{"line":527,"column":41}},"loc":{"start":{"line":528,"column":25},"end":{"line":723,"column":1}}},"9":{"name":"(anonymous_9)","decl":{"start":{"line":728,"column":2},"end":{"line":728,"column":18}},"loc":{"start":{"line":728,"column":2},"end":{"line":728,"column":null}}},"10":{"name":"(anonymous_10)","decl":{"start":{"line":729,"column":2},"end":{"line":729,"column":18}},"loc":{"start":{"line":729,"column":2},"end":{"line":729,"column":null}}},"11":{"name":"(anonymous_11)","decl":{"start":{"line":730,"column":2},"end":{"line":730,"column":12}},"loc":{"start":{"line":730,"column":2},"end":{"line":730,"column":null}}},"12":{"name":"(anonymous_12)","decl":{"start":{"line":731,"column":2},"end":{"line":731,"column":12}},"loc":{"start":{"line":731,"column":2},"end":{"line":731,"column":null}}},"13":{"name":"(anonymous_13)","decl":{"start":{"line":732,"column":2},"end":{"line":732,"column":14}},"loc":{"start":{"line":732,"column":2},"end":{"line":732,"column":null}}}},"branchMap":{"0":{"loc":{"start":{"line":53,"column":2},"end":{"line":57,"column":3}},"type":"if","locations":[{"start":{"line":53,"column":2},"end":{"line":57,"column":3}},{"start":{},"end":{}}]},"1":{"loc":{"start":{"line":95,"column":2},"end":{"line":97,"column":3}},"type":"if","locations":[{"start":{"line":95,"column":2},"end":{"line":97,"column":3}},{"start":{},"end":{}}]},"2":{"loc":{"start":{"line":102,"column":2},"end":{"line":106,"column":3}},"type":"if","locations":[{"start":{"line":102,"column":2},"end":{"line":106,"column":3}},{"start":{},"end":{}}]},"3":{"loc":{"start":{"line":134,"column":2},"end":{"line":138,"column":3}},"type":"if","locations":[{"start":{"line":134,"column":2},"end":{"line":138,"column":3}},{"start":{},"end":{}}]},"4":{"loc":{"start":{"line":136,"column":53},"end":{"line":136,"column":87}},"type":"cond-expr","locations":[{"start":{"line":136,"column":68},"end":{"line":136,"column":74}},{"start":{"line":136,"column":77},"end":{"line":136,"column":87}}]},"5":{"loc":{"start":{"line":151,"column":2},"end":{"line":155,"column":3}},"type":"if","locations":[{"start":{"line":151,"column":2},"end":{"line":155,"column":3}},{"start":{},"end":{}}]},"6":{"loc":{"start":{"line":151,"column":6},"end":{"line":151,"column":27}},"type":"binary-expr","locations":[{"start":{"line":151,"column":6},"end":{"line":151,"column":14}},{"start":{"line":151,"column":18},"end":{"line":151,"column":27}}]},"7":{"loc":{"start":{"line":194,"column":2},"end":{"line":196,"column":3}},"type":"if","locations":[{"start":{"line":194,"column":2},"end":{"line":196,"column":3}},{"start":{},"end":{}}]},"8":{"loc":{"start":{"line":207,"column":2},"end":{"line":214,"column":3}},"type":"if","locations":[{"start":{"line":207,"column":2},"end":{"line":214,"column":3}},{"start":{},"end":{}}]},"9":{"loc":{"start":{"line":207,"column":6},"end":{"line":207,"column":44}},"type":"binary-expr","locations":[{"start":{"line":207,"column":6},"end":{"line":207,"column":23}},{"start":{"line":207,"column":27},"end":{"line":207,"column":44}}]},"10":{"loc":{"start":{"line":209,"column":4},"end":{"line":213,"column":5}},"type":"if","locations":[{"start":{"line":209,"column":4},"end":{"line":213,"column":5}},{"start":{},"end":{}}]},"11":{"loc":{"start":{"line":209,"column":8},"end":{"line":209,"column":56}},"type":"binary-expr","locations":[{"start":{"line":209,"column":8},"end":{"line":209,"column":33}},{"start":{"line":209,"column":37},"end":{"line":209,"column":56}}]},"12":{"loc":{"start":{"line":219,"column":2},"end":{"line":242,"column":3}},"type":"if","locations":[{"start":{"line":219,"column":2},"end":{"line":242,"column":3}},{"start":{},"end":{}}]},"13":{"loc":{"start":{"line":224,"column":4},"end":{"line":226,"column":5}},"type":"if","locations":[{"start":{"line":224,"column":4},"end":{"line":226,"column":5}},{"start":{},"end":{}}]},"14":{"loc":{"start":{"line":227,"column":4},"end":{"line":229,"column":5}},"type":"if","locations":[{"start":{"line":227,"column":4},"end":{"line":229,"column":5}},{"start":{},"end":{}}]},"15":{"loc":{"start":{"line":227,"column":8},"end":{"line":227,"column":74}},"type":"binary-expr","locations":[{"start":{"line":227,"column":8},"end":{"line":227,"column":39}},{"start":{"line":227,"column":43},"end":{"line":227,"column":74}}]},"16":{"loc":{"start":{"line":230,"column":4},"end":{"line":232,"column":5}},"type":"if","locations":[{"start":{"line":230,"column":4},"end":{"line":232,"column":5}},{"start":{},"end":{}}]},"17":{"loc":{"start":{"line":230,"column":8},"end":{"line":230,"column":52}},"type":"binary-expr","locations":[{"start":{"line":230,"column":8},"end":{"line":230,"column":28}},{"start":{"line":230,"column":32},"end":{"line":230,"column":52}}]},"18":{"loc":{"start":{"line":247,"column":2},"end":{"line":268,"column":3}},"type":"if","locations":[{"start":{"line":247,"column":2},"end":{"line":268,"column":3}},{"start":{},"end":{}}]},"19":{"loc":{"start":{"line":251,"column":4},"end":{"line":253,"column":5}},"type":"if","locations":[{"start":{"line":251,"column":4},"end":{"line":253,"column":5}},{"start":{},"end":{}}]},"20":{"loc":{"start":{"line":254,"column":4},"end":{"line":256,"column":5}},"type":"if","locations":[{"start":{"line":254,"column":4},"end":{"line":256,"column":5}},{"start":{},"end":{}}]},"21":{"loc":{"start":{"line":257,"column":4},"end":{"line":259,"column":5}},"type":"if","locations":[{"start":{"line":257,"column":4},"end":{"line":259,"column":5}},{"start":{},"end":{}}]},"22":{"loc":{"start":{"line":273,"column":2},"end":{"line":295,"column":3}},"type":"if","locations":[{"start":{"line":273,"column":2},"end":{"line":295,"column":3}},{"start":{},"end":{}}]},"23":{"loc":{"start":{"line":277,"column":4},"end":{"line":279,"column":5}},"type":"if","locations":[{"start":{"line":277,"column":4},"end":{"line":279,"column":5}},{"start":{},"end":{}}]},"24":{"loc":{"start":{"line":277,"column":8},"end":{"line":277,"column":74}},"type":"binary-expr","locations":[{"start":{"line":277,"column":8},"end":{"line":277,"column":39}},{"start":{"line":277,"column":43},"end":{"line":277,"column":74}}]},"25":{"loc":{"start":{"line":282,"column":4},"end":{"line":286,"column":5}},"type":"if","locations":[{"start":{"line":282,"column":4},"end":{"line":286,"column":5}},{"start":{},"end":{}}]},"26":{"loc":{"start":{"line":306,"column":2},"end":{"line":306,"column":42}},"type":"if","locations":[{"start":{"line":306,"column":2},"end":{"line":306,"column":42}},{"start":{},"end":{}}]},"27":{"loc":{"start":{"line":349,"column":2},"end":{"line":353,"column":3}},"type":"if","locations":[{"start":{"line":349,"column":2},"end":{"line":353,"column":3}},{"start":{},"end":{}}]},"28":{"loc":{"start":{"line":354,"column":2},"end":{"line":358,"column":3}},"type":"if","locations":[{"start":{"line":354,"column":2},"end":{"line":358,"column":3}},{"start":{},"end":{}}]},"29":{"loc":{"start":{"line":375,"column":2},"end":{"line":379,"column":3}},"type":"if","locations":[{"start":{"line":375,"column":2},"end":{"line":379,"column":3}},{"start":{},"end":{}}]},"30":{"loc":{"start":{"line":383,"column":2},"end":{"line":385,"column":3}},"type":"if","locations":[{"start":{"line":383,"column":2},"end":{"line":385,"column":3}},{"start":{},"end":{}}]},"31":{"loc":{"start":{"line":388,"column":2},"end":{"line":392,"column":3}},"type":"if","locations":[{"start":{"line":388,"column":2},"end":{"line":392,"column":3}},{"start":{},"end":{}}]},"32":{"loc":{"start":{"line":395,"column":2},"end":{"line":397,"column":3}},"type":"if","locations":[{"start":{"line":395,"column":2},"end":{"line":397,"column":3}},{"start":{},"end":{}}]},"33":{"loc":{"start":{"line":403,"column":2},"end":{"line":405,"column":3}},"type":"if","locations":[{"start":{"line":403,"column":2},"end":{"line":405,"column":3}},{"start":{},"end":{}}]},"34":{"loc":{"start":{"line":413,"column":2},"end":{"line":418,"column":3}},"type":"if","locations":[{"start":{"line":413,"column":2},"end":{"line":418,"column":3}},{"start":{},"end":{}}]},"35":{"loc":{"start":{"line":413,"column":6},"end":{"line":413,"column":47}},"type":"binary-expr","locations":[{"start":{"line":413,"column":6},"end":{"line":413,"column":29}},{"start":{"line":413,"column":33},"end":{"line":413,"column":47}}]},"36":{"loc":{"start":{"line":421,"column":2},"end":{"line":423,"column":3}},"type":"if","locations":[{"start":{"line":421,"column":2},"end":{"line":423,"column":3}},{"start":{},"end":{}}]},"37":{"loc":{"start":{"line":435,"column":2},"end":{"line":437,"column":3}},"type":"if","locations":[{"start":{"line":435,"column":2},"end":{"line":437,"column":3}},{"start":{},"end":{}}]},"38":{"loc":{"start":{"line":442,"column":2},"end":{"line":444,"column":3}},"type":"if","locations":[{"start":{"line":442,"column":2},"end":{"line":444,"column":3}},{"start":{},"end":{}}]},"39":{"loc":{"start":{"line":445,"column":2},"end":{"line":449,"column":3}},"type":"if","locations":[{"start":{"line":445,"column":2},"end":{"line":449,"column":3}},{"start":{},"end":{}}]},"40":{"loc":{"start":{"line":445,"column":6},"end":{"line":445,"column":64}},"type":"binary-expr","locations":[{"start":{"line":445,"column":7},"end":{"line":445,"column":35}},{"start":{"line":445,"column":39},"end":{"line":445,"column":43}},{"start":{"line":445,"column":48},"end":{"line":445,"column":64}}]},"41":{"loc":{"start":{"line":450,"column":2},"end":{"line":454,"column":3}},"type":"if","locations":[{"start":{"line":450,"column":2},"end":{"line":454,"column":3}},{"start":{},"end":{}}]},"42":{"loc":{"start":{"line":475,"column":8},"end":{"line":475,"column":70}},"type":"cond-expr","locations":[{"start":{"line":475,"column":30},"end":{"line":475,"column":65}},{"start":{"line":475,"column":68},"end":{"line":475,"column":70}}]},"43":{"loc":{"start":{"line":536,"column":4},"end":{"line":536,"column":34}},"type":"default-arg","locations":[{"start":{"line":536,"column":30},"end":{"line":536,"column":34}}]},"44":{"loc":{"start":{"line":542,"column":2},"end":{"line":546,"column":3}},"type":"if","locations":[{"start":{"line":542,"column":2},"end":{"line":546,"column":3}},{"start":{},"end":{}}]},"45":{"loc":{"start":{"line":547,"column":2},"end":{"line":551,"column":3}},"type":"if","locations":[{"start":{"line":547,"column":2},"end":{"line":551,"column":3}},{"start":{},"end":{}}]},"46":{"loc":{"start":{"line":552,"column":2},"end":{"line":556,"column":3}},"type":"if","locations":[{"start":{"line":552,"column":2},"end":{"line":556,"column":3}},{"start":{},"end":{}}]},"47":{"loc":{"start":{"line":557,"column":2},"end":{"line":561,"column":3}},"type":"if","locations":[{"start":{"line":557,"column":2},"end":{"line":561,"column":3}},{"start":{},"end":{}}]},"48":{"loc":{"start":{"line":562,"column":2},"end":{"line":566,"column":3}},"type":"if","locations":[{"start":{"line":562,"column":2},"end":{"line":566,"column":3}},{"start":{},"end":{}}]},"49":{"loc":{"start":{"line":585,"column":2},"end":{"line":589,"column":3}},"type":"if","locations":[{"start":{"line":585,"column":2},"end":{"line":589,"column":3}},{"start":{},"end":{}}]},"50":{"loc":{"start":{"line":596,"column":2},"end":{"line":600,"column":3}},"type":"if","locations":[{"start":{"line":596,"column":2},"end":{"line":600,"column":3}},{"start":{},"end":{}}]},"51":{"loc":{"start":{"line":605,"column":2},"end":{"line":609,"column":3}},"type":"if","locations":[{"start":{"line":605,"column":2},"end":{"line":609,"column":3}},{"start":{},"end":{}}]},"52":{"loc":{"start":{"line":612,"column":2},"end":{"line":614,"column":3}},"type":"if","locations":[{"start":{"line":612,"column":2},"end":{"line":614,"column":3}},{"start":{},"end":{}}]},"53":{"loc":{"start":{"line":625,"column":2},"end":{"line":629,"column":3}},"type":"if","locations":[{"start":{"line":625,"column":2},"end":{"line":629,"column":3}},{"start":{},"end":{}}]},"54":{"loc":{"start":{"line":634,"column":2},"end":{"line":636,"column":3}},"type":"if","locations":[{"start":{"line":634,"column":2},"end":{"line":636,"column":3}},{"start":{},"end":{}}]},"55":{"loc":{"start":{"line":637,"column":2},"end":{"line":641,"column":3}},"type":"if","locations":[{"start":{"line":637,"column":2},"end":{"line":641,"column":3}},{"start":{},"end":{}}]},"56":{"loc":{"start":{"line":637,"column":6},"end":{"line":637,"column":49}},"type":"binary-expr","locations":[{"start":{"line":637,"column":6},"end":{"line":637,"column":29}},{"start":{"line":637,"column":33},"end":{"line":637,"column":49}}]},"57":{"loc":{"start":{"line":651,"column":2},"end":{"line":659,"column":3}},"type":"if","locations":[{"start":{"line":651,"column":2},"end":{"line":659,"column":3}},{"start":{},"end":{}}]},"58":{"loc":{"start":{"line":651,"column":6},"end":{"line":651,"column":49}},"type":"binary-expr","locations":[{"start":{"line":651,"column":6},"end":{"line":651,"column":24}},{"start":{"line":651,"column":28},"end":{"line":651,"column":49}}]},"59":{"loc":{"start":{"line":652,"column":4},"end":{"line":658,"column":5}},"type":"if","locations":[{"start":{"line":652,"column":4},"end":{"line":658,"column":5}},{"start":{},"end":{}}]},"60":{"loc":{"start":{"line":682,"column":2},"end":{"line":687,"column":3}},"type":"if","locations":[{"start":{"line":682,"column":2},"end":{"line":687,"column":3}},{"start":{},"end":{}}]},"61":{"loc":{"start":{"line":691,"column":2},"end":{"line":714,"column":3}},"type":"if","locations":[{"start":{"line":691,"column":2},"end":{"line":714,"column":3}},{"start":{"line":697,"column":9},"end":{"line":714,"column":3}}]},"62":{"loc":{"start":{"line":697,"column":9},"end":{"line":714,"column":3}},"type":"if","locations":[{"start":{"line":697,"column":9},"end":{"line":714,"column":3}},{"start":{"line":703,"column":9},"end":{"line":714,"column":3}}]},"63":{"loc":{"start":{"line":703,"column":9},"end":{"line":714,"column":3}},"type":"if","locations":[{"start":{"line":703,"column":9},"end":{"line":714,"column":3}},{"start":{"line":712,"column":9},"end":{"line":714,"column":3}}]},"64":{"loc":{"start":{"line":716,"column":2},"end":{"line":720,"column":3}},"type":"if","locations":[{"start":{"line":716,"column":2},"end":{"line":720,"column":3}},{"start":{},"end":{}}]}},"s":{"0":2,"1":2,"2":2,"3":2,"4":2,"5":2,"6":2,"7":2,"8":113,"9":29,"10":2,"11":27,"12":27,"13":27,"14":27,"15":27,"16":27,"17":4,"18":0,"19":4,"20":4,"21":4,"22":0,"23":4,"24":4,"25":4,"26":2,"27":2,"28":2,"29":2,"30":93,"31":93,"32":0,"33":93,"34":16,"35":1,"36":2,"37":2,"38":13,"39":13,"40":0,"41":13,"42":13,"43":13,"44":13,"45":13,"46":13,"47":0,"48":13,"49":9,"50":9,"51":9,"52":9,"53":0,"54":9,"55":0,"56":9,"57":0,"58":9,"59":9,"60":9,"61":4,"62":2,"63":2,"64":2,"65":0,"66":2,"67":0,"68":2,"69":0,"70":2,"71":2,"72":2,"73":2,"74":2,"75":2,"76":2,"77":0,"78":2,"79":0,"80":2,"81":2,"82":2,"83":0,"84":51,"85":0,"86":51,"87":11,"88":0,"89":11,"90":0,"91":11,"92":11,"93":0,"94":11,"95":11,"96":11,"97":11,"98":1,"99":10,"100":10,"101":1,"102":9,"103":1,"104":8,"105":1,"106":7,"107":7,"108":0,"109":7,"110":7,"111":7,"112":0,"113":7,"114":7,"115":0,"116":7,"117":7,"118":7,"119":7,"120":1,"121":6,"122":1,"123":5,"124":1,"125":4,"126":0,"127":4,"128":4,"129":4,"130":4,"131":28,"132":28,"133":2,"134":26,"135":1,"136":25,"137":1,"138":24,"139":1,"140":23,"141":1,"142":22,"143":22,"144":2,"145":20,"146":20,"147":20,"148":20,"149":1,"150":19,"151":19,"152":2,"153":17,"154":1,"155":16,"156":1,"157":15,"158":15,"159":15,"160":1,"161":14,"162":1,"163":13,"164":1,"165":12,"166":11,"167":11,"168":11,"169":10,"170":2,"171":9,"172":9,"173":9,"174":9,"175":1,"176":8,"177":8,"178":4,"179":4,"180":2,"181":2,"182":2,"183":0,"184":8,"185":3,"186":5,"187":2,"188":34,"189":2,"190":2,"191":2,"192":2},"f":{"0":113,"1":29,"2":4,"3":93,"4":16,"5":13,"6":51,"7":11,"8":28,"9":32,"10":0,"11":0,"12":0,"13":0},"b":{"0":[2,27],"1":[0,4],"2":[0,4],"3":[0,93],"4":[0,0],"5":[1,15],"6":[16,1],"7":[0,13],"8":[13,0],"9":[13,13],"10":[0,13],"11":[13,13],"12":[9,4],"13":[0,9],"14":[0,9],"15":[9,9],"16":[0,9],"17":[9,9],"18":[2,2],"19":[0,2],"20":[0,2],"21":[0,2],"22":[2,0],"23":[0,2],"24":[2,2],"25":[0,2],"26":[0,51],"27":[0,11],"28":[0,11],"29":[1,10],"30":[1,9],"31":[1,8],"32":[1,7],"33":[0,7],"34":[0,7],"35":[7,7],"36":[0,7],"37":[1,6],"38":[1,5],"39":[1,4],"40":[5,3,4],"41":[0,4],"42":[1,3],"43":[26],"44":[2,26],"45":[1,25],"46":[1,24],"47":[1,23],"48":[1,22],"49":[1,19],"50":[2,17],"51":[1,16],"52":[1,15],"53":[1,14],"54":[1,13],"55":[1,12],"56":[13,12],"57":[10,1],"58":[11,1],"59":[2,8],"60":[1,8],"61":[4,4],"62":[2,2],"63":[2,0],"64":[3,5]}}
,"C:\\Users\\Student\\git\\webauthnsign\\src\\utils.ts": {"path":"C:\\Users\\Student\\git\\webauthnsign\\src\\utils.ts","statementMap":{"0":{"start":{"line":9,"column":0},"end":{"line":9,"column":16}},"1":{"start":{"line":39,"column":0},"end":{"line":39,"column":16}},"2":{"start":{"line":56,"column":0},"end":{"line":56,"column":16}},"3":{"start":{"line":60,"column":0},"end":{"line":60,"column":16}},"4":{"start":{"line":75,"column":0},"end":{"line":75,"column":16}},"5":{"start":{"line":91,"column":0},"end":{"line":91,"column":16}},"6":{"start":{"line":11,"column":2},"end":{"line":13,"column":3}},"7":{"start":{"line":12,"column":4},"end":{"line":12,"column":77}},"8":{"start":{"line":16,"column":17},"end":{"line":16,"column":58}},"9":{"start":{"line":17,"column":17},"end":{"line":19,"column":null}},"10":{"start":{"line":23,"column":2},"end":{"line":25,"column":3}},"11":{"start":{"line":24,"column":4},"end":{"line":24,"column":57}},"12":{"start":{"line":28,"column":17},"end":{"line":28,"column":29}},"13":{"start":{"line":29,"column":16},"end":{"line":29,"column":45}},"14":{"start":{"line":30,"column":2},"end":{"line":32,"column":3}},"15":{"start":{"line":30,"column":15},"end":{"line":30,"column":16}},"16":{"start":{"line":31,"column":4},"end":{"line":31,"column":36}},"17":{"start":{"line":33,"column":2},"end":{"line":33,"column":15}},"18":{"start":{"line":40,"column":2},"end":{"line":42,"column":3}},"19":{"start":{"line":41,"column":4},"end":{"line":41,"column":52}},"20":{"start":{"line":45,"column":15},"end":{"line":45,"column":17}},"21":{"start":{"line":46,"column":2},"end":{"line":48,"column":3}},"22":{"start":{"line":46,"column":15},"end":{"line":46,"column":16}},"23":{"start":{"line":47,"column":4},"end":{"line":47,"column":54}},"24":{"start":{"line":49,"column":2},"end":{"line":49,"column":80}},"25":{"start":{"line":57,"column":2},"end":{"line":57,"column":88}},"26":{"start":{"line":57,"column":35},"end":{"line":57,"column":77}},"27":{"start":{"line":61,"column":2},"end":{"line":61,"column":79}},"28":{"start":{"line":61,"column":28},"end":{"line":61,"column":79}},"29":{"start":{"line":62,"column":16},"end":{"line":62,"column":46}},"30":{"start":{"line":63,"column":2},"end":{"line":67,"column":3}},"31":{"start":{"line":63,"column":15},"end":{"line":63,"column":16}},"32":{"start":{"line":64,"column":17},"end":{"line":64,"column":58}},"33":{"start":{"line":65,"column":4},"end":{"line":65,"column":83}},"34":{"start":{"line":65,"column":21},"end":{"line":65,"column":83}},"35":{"start":{"line":66,"column":4},"end":{"line":66,"column":20}},"36":{"start":{"line":68,"column":2},"end":{"line":68,"column":15}},"37":{"start":{"line":76,"column":16},"end":{"line":76,"column":55}},"38":{"start":{"line":76,"column":39},"end":{"line":76,"column":51}},"39":{"start":{"line":77,"column":14},"end":{"line":77,"column":35}},"40":{"start":{"line":78,"column":15},"end":{"line":78,"column":16}},"41":{"start":{"line":79,"column":2},"end":{"line":82,"column":3}},"42":{"start":{"line":80,"column":4},"end":{"line":80,"column":26}},"43":{"start":{"line":81,"column":4},"end":{"line":81,"column":26}},"44":{"start":{"line":83,"column":2},"end":{"line":83,"column":13}},"45":{"start":{"line":92,"column":2},"end":{"line":92,"column":70}},"46":{"start":{"line":92,"column":27},"end":{"line":92,"column":70}},"47":{"start":{"line":93,"column":12},"end":{"line":93,"column":29}},"48":{"start":{"line":94,"column":2},"end":{"line":94,"column":98}}},"fnMap":{"0":{"name":"base64urlToBytes","decl":{"start":{"line":9,"column":16},"end":{"line":9,"column":32}},"loc":{"start":{"line":9,"column":44},"end":{"line":34,"column":1}}},"1":{"name":"bytesToBase64url","decl":{"start":{"line":39,"column":16},"end":{"line":39,"column":32}},"loc":{"start":{"line":39,"column":50},"end":{"line":50,"column":1}}},"2":{"name":"bytesToHex","decl":{"start":{"line":56,"column":16},"end":{"line":56,"column":26}},"loc":{"start":{"line":56,"column":44},"end":{"line":58,"column":1}}},"3":{"name":"(anonymous_3)","decl":{"start":{"line":57,"column":27},"end":{"line":57,"column":28}},"loc":{"start":{"line":57,"column":35},"end":{"line":57,"column":77}}},"4":{"name":"hexToBytes","decl":{"start":{"line":60,"column":16},"end":{"line":60,"column":26}},"loc":{"start":{"line":60,"column":38},"end":{"line":69,"column":1}}},"5":{"name":"concat","decl":{"start":{"line":75,"column":16},"end":{"line":75,"column":22}},"loc":{"start":{"line":75,"column":45},"end":{"line":84,"column":1}}},"6":{"name":"(anonymous_6)","decl":{"start":{"line":76,"column":29},"end":{"line":76,"column":30}},"loc":{"start":{"line":76,"column":39},"end":{"line":76,"column":51}}},"7":{"name":"formatAaguid","decl":{"start":{"line":91,"column":16},"end":{"line":91,"column":28}},"loc":{"start":{"line":91,"column":46},"end":{"line":95,"column":1}}}},"branchMap":{"0":{"loc":{"start":{"line":11,"column":2},"end":{"line":13,"column":3}},"type":"if","locations":[{"start":{"line":11,"column":2},"end":{"line":13,"column":3}},{"start":{},"end":{}}]},"1":{"loc":{"start":{"line":23,"column":2},"end":{"line":25,"column":3}},"type":"if","locations":[{"start":{"line":23,"column":2},"end":{"line":25,"column":3}},{"start":{},"end":{}}]},"2":{"loc":{"start":{"line":40,"column":2},"end":{"line":42,"column":3}},"type":"if","locations":[{"start":{"line":40,"column":2},"end":{"line":42,"column":3}},{"start":{},"end":{}}]},"3":{"loc":{"start":{"line":61,"column":2},"end":{"line":61,"column":79}},"type":"if","locations":[{"start":{"line":61,"column":2},"end":{"line":61,"column":79}},{"start":{},"end":{}}]},"4":{"loc":{"start":{"line":65,"column":4},"end":{"line":65,"column":83}},"type":"if","locations":[{"start":{"line":65,"column":4},"end":{"line":65,"column":83}},{"start":{},"end":{}}]},"5":{"loc":{"start":{"line":92,"column":2},"end":{"line":92,"column":70}},"type":"if","locations":[{"start":{"line":92,"column":2},"end":{"line":92,"column":70}},{"start":{},"end":{}}]}},"s":{"0":3,"1":3,"2":3,"3":3,"4":3,"5":3,"6":40,"7":4,"8":36,"9":36,"10":36,"11":36,"12":0,"13":0,"14":0,"15":0,"16":0,"17":0,"18":41,"19":41,"20":0,"21":0,"22":0,"23":0,"24":0,"25":9,"26":103,"27":5,"28":1,"29":4,"30":4,"31":4,"32":21,"33":21,"34":1,"35":20,"36":3,"37":13,"38":25,"39":13,"40":13,"41":13,"42":25,"43":25,"44":13,"45":8,"46":2,"47":6,"48":6},"f":{"0":40,"1":41,"2":9,"3":103,"4":5,"5":13,"6":25,"7":8},"b":{"0":[4,36],"1":[36,0],"2":[41,0],"3":[1,4],"4":[1,20],"5":[2,6]}}
}
