TN:
SF:src\cbor.ts
FN:42,decodeCbor
FN:51,decodeAt
FN:157,decodeArg
FN:202,assertEnoughBytes
FNF:4
FNH:4
FNDA:50,decodeCbor
FNDA:249,decodeAt
FNDA:247,decodeArg
FNDA:108,assertEnoughBytes
DA:32,3
DA:35,3
DA:42,3
DA:43,50
DA:44,42
DA:52,249
DA:53,1
DA:57,248
DA:58,1
DA:61,247
DA:62,247
DA:63,247
DA:66,247
DA:67,247
DA:69,247
DA:72,71
DA:77,52
DA:82,34
DA:83,33
DA:84,33
DA:89,35
DA:90,35
DA:91,35
DA:92,35
DA:97,21
DA:98,1
DA:102,20
DA:103,20
DA:104,20
DA:105,23
DA:106,12
DA:107,12
DA:109,9
DA:114,32
DA:115,1
DA:119,31
DA:120,31
DA:121,31
DA:122,88
DA:123,88
DA:124,88
DA:125,88
DA:127,88
DA:128,88
DA:133,0
DA:139,88
DA:140,1
DA:144,87
DA:146,30
DA:150,2
DA:162,247
DA:163,208
DA:166,39
DA:168,39
DA:169,30
DA:170,30
DA:173,9
DA:174,8
DA:175,8
DA:176,8
DA:179,1
DA:180,1
DA:181,1
DA:182,1
DA:185,0
DA:187,0
DA:188,0
DA:189,0
DA:190,0
DA:191,0
DA:192,0
DA:194,0
DA:197,0
DA:208,108
DA:209,1
LF:75
LH:65
BRDA:52,0,0,1
BRDA:52,0,1,248
BRDA:57,1,0,1
BRDA:57,1,1,247
BRDA:69,2,0,71
BRDA:69,2,1,52
BRDA:69,2,2,34
BRDA:69,2,3,35
BRDA:69,2,4,21
BRDA:69,2,5,32
BRDA:69,2,6,2
BRDA:97,3,0,1
BRDA:97,3,1,20
BRDA:114,4,0,1
BRDA:114,4,1,31
BRDA:128,5,0,0
BRDA:128,5,1,88
BRDA:129,6,0,88
BRDA:129,6,1,23
BRDA:129,6,2,0
BRDA:139,7,0,1
BRDA:139,7,1,87
BRDA:162,8,0,208
BRDA:162,8,1,39
BRDA:168,9,0,30
BRDA:168,9,1,9
BRDA:173,10,0,8
BRDA:173,10,1,1
BRDA:179,11,0,1
BRDA:179,11,1,0
BRDA:185,12,0,0
BRDA:185,12,1,0
BRDA:191,13,0,0
BRDA:191,13,1,0
BRDA:208,14,0,1
BRDA:208,14,1,107
BRF:36
BRH:29
end_of_record
TN:
SF:src\server.ts
FN:36,sha256
FN:52,parseAuthData
FN:91,parseAttestedCredentialData
FN:132,requireString
FN:150,assertFlagConsistency
FN:192,coseKeyToNodeKey
FN:304,timingSafeEqual
FN:338,parseRegistrationResponse
FN:527,verifyHashSignature
FN:728,(anonymous_9)
FN:729,(anonymous_10)
FN:730,(anonymous_11)
FN:731,(anonymous_12)
FN:732,(anonymous_13)
FNF:14
FNH:10
FNDA:113,sha256
FNDA:29,parseAuthData
FNDA:4,parseAttestedCredentialData
FNDA:93,requireString
FNDA:16,assertFlagConsistency
FNDA:13,coseKeyToNodeKey
FNDA:51,timingSafeEqual
FNDA:11,parseRegistrationResponse
FNDA:28,verifyHashSignature
FNDA:32,(anonymous_9)
FNDA:0,(anonymous_10)
FNDA:0,(anonymous_11)
FNDA:0,(anonymous_12)
FNDA:0,(anonymous_13)
DA:10,2
DA:11,2
DA:12,2
DA:36,2
DA:37,113
DA:52,2
DA:53,29
DA:54,2
DA:59,27
DA:60,27
DA:61,27
DA:62,27
DA:64,27
DA:73,27
DA:95,4
DA:96,0
DA:99,4
DA:100,4
DA:102,4
DA:103,0
DA:108,4
DA:109,4
DA:111,4
DA:119,2
DA:120,2
DA:121,2
DA:122,2
DA:133,93
DA:134,93
DA:135,0
DA:139,93
DA:151,16
DA:152,1
DA:170,2
DA:177,2
DA:193,13
DA:194,13
DA:195,0
DA:199,13
DA:201,13
DA:202,13
DA:207,13
DA:208,13
DA:209,13
DA:210,0
DA:219,13
DA:220,9
DA:221,9
DA:222,9
DA:224,9
DA:225,0
DA:227,9
DA:228,0
DA:230,9
DA:231,0
DA:234,9
DA:240,9
DA:241,9
DA:247,4
DA:248,2
DA:249,2
DA:251,2
DA:252,0
DA:254,2
DA:255,0
DA:257,2
DA:258,0
DA:261,2
DA:266,2
DA:267,2
DA:273,2
DA:274,2
DA:275,2
DA:277,2
DA:278,0
DA:282,2
DA:283,0
DA:288,2
DA:293,2
DA:294,2
DA:297,0
DA:306,51
DA:307,51
DA:338,2
DA:349,11
DA:350,0
DA:354,11
DA:355,0
DA:364,11
DA:365,11
DA:367,0
DA:371,11
DA:372,11
DA:373,11
DA:375,11
DA:376,1
DA:382,10
DA:383,10
DA:384,1
DA:388,9
DA:389,1
DA:395,8
DA:396,1
DA:402,7
DA:403,7
DA:404,0
DA:406,7
DA:412,7
DA:413,7
DA:414,0
DA:420,7
DA:421,7
DA:422,0
DA:424,7
DA:429,7
DA:434,7
DA:435,7
DA:436,1
DA:442,6
DA:443,1
DA:445,5
DA:446,1
DA:450,4
DA:451,0
DA:456,4
DA:462,4
DA:465,4
DA:467,4
DA:527,2
DA:537,28
DA:542,28
DA:543,2
DA:547,26
DA:548,1
DA:552,25
DA:553,1
DA:557,24
DA:558,1
DA:562,23
DA:563,1
DA:572,22
DA:573,22
DA:577,2
DA:581,20
DA:582,20
DA:583,20
DA:585,20
DA:586,1
DA:595,19
DA:596,19
DA:597,2
DA:605,17
DA:606,1
DA:612,16
DA:613,1
DA:619,15
DA:624,15
DA:625,15
DA:626,1
DA:634,14
DA:635,1
DA:637,13
DA:638,1
DA:643,12
DA:648,11
DA:649,11
DA:651,11
DA:652,10
DA:653,2
DA:674,9
DA:675,9
DA:677,9
DA:682,9
DA:683,1
DA:689,8
DA:691,8
DA:693,4
DA:697,4
DA:699,2
DA:703,2
DA:706,2
DA:713,0
DA:716,8
DA:717,3
DA:722,5
DA:726,2
DA:727,2
DA:728,34
DA:729,2
DA:730,2
DA:731,2
DA:732,2
LF:192
LH:170
BRDA:53,0,0,2
BRDA:53,0,1,27
BRDA:95,1,0,0
BRDA:95,1,1,4
BRDA:102,2,0,0
BRDA:102,2,1,4
BRDA:134,3,0,0
BRDA:134,3,1,93
BRDA:136,4,0,0
BRDA:136,4,1,0
BRDA:151,5,0,1
BRDA:151,5,1,15
BRDA:151,6,0,16
BRDA:151,6,1,1
BRDA:194,7,0,0
BRDA:194,7,1,13
BRDA:207,8,0,13
BRDA:207,8,1,0
BRDA:207,9,0,13
BRDA:207,9,1,13
BRDA:209,10,0,0
BRDA:209,10,1,13
BRDA:209,11,0,13
BRDA:209,11,1,13
BRDA:219,12,0,9
BRDA:219,12,1,4
BRDA:224,13,0,0
BRDA:224,13,1,9
BRDA:227,14,0,0
BRDA:227,14,1,9
BRDA:227,15,0,9
BRDA:227,15,1,9
BRDA:230,16,0,0
BRDA:230,16,1,9
BRDA:230,17,0,9
BRDA:230,17,1,9
BRDA:247,18,0,2
BRDA:247,18,1,2
BRDA:251,19,0,0
BRDA:251,19,1,2
BRDA:254,20,0,0
BRDA:254,20,1,2
BRDA:257,21,0,0
BRDA:257,21,1,2
BRDA:273,22,0,2
BRDA:273,22,1,0
BRDA:277,23,0,0
BRDA:277,23,1,2
BRDA:277,24,0,2
BRDA:277,24,1,2
BRDA:282,25,0,0
BRDA:282,25,1,2
BRDA:306,26,0,0
BRDA:306,26,1,51
BRDA:349,27,0,0
BRDA:349,27,1,11
BRDA:354,28,0,0
BRDA:354,28,1,11
BRDA:375,29,0,1
BRDA:375,29,1,10
BRDA:383,30,0,1
BRDA:383,30,1,9
BRDA:388,31,0,1
BRDA:388,31,1,8
BRDA:395,32,0,1
BRDA:395,32,1,7
BRDA:403,33,0,0
BRDA:403,33,1,7
BRDA:413,34,0,0
BRDA:413,34,1,7
BRDA:413,35,0,7
BRDA:413,35,1,7
BRDA:421,36,0,0
BRDA:421,36,1,7
BRDA:435,37,0,1
BRDA:435,37,1,6
BRDA:442,38,0,1
BRDA:442,38,1,5
BRDA:445,39,0,1
BRDA:445,39,1,4
BRDA:445,40,0,5
BRDA:445,40,1,3
BRDA:445,40,2,4
BRDA:450,41,0,0
BRDA:450,41,1,4
BRDA:475,42,0,1
BRDA:475,42,1,3
BRDA:536,43,0,26
BRDA:542,44,0,2
BRDA:542,44,1,26
BRDA:547,45,0,1
BRDA:547,45,1,25
BRDA:552,46,0,1
BRDA:552,46,1,24
BRDA:557,47,0,1
BRDA:557,47,1,23
BRDA:562,48,0,1
BRDA:562,48,1,22
BRDA:585,49,0,1
BRDA:585,49,1,19
BRDA:596,50,0,2
BRDA:596,50,1,17
BRDA:605,51,0,1
BRDA:605,51,1,16
BRDA:612,52,0,1
BRDA:612,52,1,15
BRDA:625,53,0,1
BRDA:625,53,1,14
BRDA:634,54,0,1
BRDA:634,54,1,13
BRDA:637,55,0,1
BRDA:637,55,1,12
BRDA:637,56,0,13
BRDA:637,56,1,12
BRDA:651,57,0,10
BRDA:651,57,1,1
BRDA:651,58,0,11
BRDA:651,58,1,1
BRDA:652,59,0,2
BRDA:652,59,1,8
BRDA:682,60,0,1
BRDA:682,60,1,8
BRDA:691,61,0,4
BRDA:691,61,1,4
BRDA:697,62,0,2
BRDA:697,62,1,2
BRDA:703,63,0,2
BRDA:703,63,1,0
BRDA:716,64,0,3
BRDA:716,64,1,5
BRF:130
BRH:105
end_of_record
TN:
SF:src\utils.ts
FN:9,base64urlToBytes
FN:39,bytesToBase64url
FN:56,bytesToHex
FN:57,(anonymous_3)
FN:60,hexToBytes
FN:75,concat
FN:76,(anonymous_6)
FN:91,formatAaguid
FNF:8
FNH:8
FNDA:40,base64urlToBytes
FNDA:41,bytesToBase64url
FNDA:9,bytesToHex
FNDA:103,(anonymous_3)
FNDA:5,hexToBytes
FNDA:13,concat
FNDA:25,(anonymous_6)
FNDA:8,formatAaguid
DA:9,3
DA:11,40
DA:12,4
DA:16,36
DA:17,36
DA:23,36
DA:24,36
DA:28,0
DA:29,0
DA:30,0
DA:31,0
DA:33,0
DA:39,3
DA:40,41
DA:41,41
DA:45,0
DA:46,0
DA:47,0
DA:49,0
DA:56,3
DA:57,103
DA:60,3
DA:61,5
DA:62,4
DA:63,4
DA:64,21
DA:65,21
DA:66,20
DA:68,3
DA:75,3
DA:76,25
DA:77,13
DA:78,13
DA:79,13
DA:80,25
DA:81,25
DA:83,13
DA:91,3
DA:92,8
DA:93,6
DA:94,6
LF:41
LH:32
BRDA:11,0,0,4
BRDA:11,0,1,36
BRDA:23,1,0,36
BRDA:23,1,1,0
BRDA:40,2,0,41
BRDA:40,2,1,0
BRDA:61,3,0,1
BRDA:61,3,1,4
BRDA:65,4,0,1
BRDA:65,4,1,20
BRDA:92,5,0,2
BRDA:92,5,1,6
BRF:12
BRH:10
end_of_record
